This file contains any messages produced by compilers while
running configure, to aid debugging if configure makes a mistake.

It was created by SystemC configure 2.3.1, which was
generated by GNU Autoconf 2.69.  Invocation command line was

  $ ../configure 

## --------- ##
## Platform. ##
## --------- ##

hostname = student-ThinkCentre-M910t
uname -m = x86_64
uname -r = 5.11.0-41-generic
uname -s = Linux
uname -v = #45~20.04.1-Ubuntu SMP Wed Nov 10 10:20:10 UTC 2021

/usr/bin/uname -p = x86_64
/bin/uname -X     = unknown

/bin/arch              = x86_64
/usr/bin/arch -k       = unknown
/usr/convex/getsysinfo = unknown
/usr/bin/hostinfo      = unknown
/bin/machine           = unknown
/usr/bin/oslevel       = unknown
/bin/universe          = unknown

PATH: /usr/local/sbin
PATH: /usr/local/bin
PATH: /usr/sbin
PATH: /usr/bin
PATH: /sbin
PATH: /bin
PATH: /usr/games
PATH: /usr/local/games
PATH: /snap/bin


## ----------- ##
## Core tests. ##
## ----------- ##

configure:2369: checking build system type
configure:2383: result: x86_64-unknown-linux-gnu
configure:2403: checking host system type
configure:2416: result: x86_64-unknown-linux-gnu
configure:2436: checking target system type
configure:2449: result: x86_64-unknown-linux-gnu
configure:2492: checking for a BSD-compatible install
configure:2560: result: /usr/bin/install -c
configure:2571: checking whether build environment is sane
configure:2621: result: yes
configure:2762: checking for a thread-safe mkdir -p
configure:2801: result: /usr/bin/mkdir -p
configure:2814: checking for gawk
configure:2844: result: no
configure:2814: checking for mawk
configure:2830: found /usr/bin/mawk
configure:2841: result: mawk
configure:2852: checking whether make sets $(MAKE)
configure:2874: result: yes
configure:2940: checking how to create a pax tar archive
configure:2953: tar --version
tar (GNU tar) 1.30
Copyright (C) 2017 Free Software Foundation, Inc.
License GPLv3+: GNU GPL version 3 or later <https://gnu.org/licenses/gpl.html>.
This is free software: you are free to change and redistribute it.
There is NO WARRANTY, to the extent permitted by law.

Written by John Gilmore and Jay Fenlason.
configure:2956: $? = 0
configure:2996: tardir=conftest.dir && eval tar --format=posix -chf - "$tardir" >conftest.tar
configure:2999: $? = 0
configure:3003: tar -xf - <conftest.tar
configure:3006: $? = 0
configure:3019: result: gnutar
configure:3038: checking whether make supports nested variables
configure:3055: result: yes
configure:3182: checking for C++ compiler version
configure:3191: g++ --version >&5
g++ (Ubuntu 9.3.0-17ubuntu1~20.04) 9.3.0
Copyright (C) 2019 Free Software Foundation, Inc.
This is free software; see the source for copying conditions.  There is NO
warranty; not even for MERCHANTABILITY or FITNESS FOR A PARTICULAR PURPOSE.

configure:3202: $? = 0
configure:3191: g++ -v >&5
Using built-in specs.
COLLECT_GCC=g++
COLLECT_LTO_WRAPPER=/usr/lib/gcc/x86_64-linux-gnu/9/lto-wrapper
OFFLOAD_TARGET_NAMES=nvptx-none:hsa
OFFLOAD_TARGET_DEFAULT=1
Target: x86_64-linux-gnu
Configured with: ../src/configure -v --with-pkgversion='Ubuntu 9.3.0-17ubuntu1~20.04' --with-bugurl=file:///usr/share/doc/gcc-9/README.Bugs --enable-languages=c,ada,c++,go,brig,d,fortran,objc,obj-c++,gm2 --prefix=/usr --with-gcc-major-version-only --program-suffix=-9 --program-prefix=x86_64-linux-gnu- --enable-shared --enable-linker-build-id --libexecdir=/usr/lib --without-included-gettext --enable-threads=posix --libdir=/usr/lib --enable-nls --enable-clocale=gnu --enable-libstdcxx-debug --enable-libstdcxx-time=yes --with-default-libstdcxx-abi=new --enable-gnu-unique-object --disable-vtable-verify --enable-plugin --enable-default-pie --with-system-zlib --with-target-system-zlib=auto --enable-objc-gc=auto --enable-multiarch --disable-werror --with-arch-32=i686 --with-abi=m64 --with-multilib-list=m32,m64,mx32 --enable-multilib --with-tune=generic --enable-offload-targets=nvptx-none=/build/gcc-9-HskZEa/gcc-9-9.3.0/debian/tmp-nvptx/usr,hsa --without-cuda-driver --enable-checking=release --build=x86_64-linux-gnu --host=x86_64-linux-gnu --target=x86_64-linux-gnu
Thread model: posix
gcc version 9.3.0 (Ubuntu 9.3.0-17ubuntu1~20.04) 
configure:3202: $? = 0
configure:3191: g++ -V >&5
g++: error: unrecognized command line option '-V'
g++: fatal error: no input files
compilation terminated.
configure:3202: $? = 1
configure:3191: g++ -qversion >&5
g++: error: unrecognized command line option '-qversion'; did you mean '--version'?
g++: fatal error: no input files
compilation terminated.
configure:3202: $? = 1
configure:3222: checking whether the C++ compiler works
configure:3244: g++    conftest.cpp  >&5
configure:3248: $? = 0
configure:3296: result: yes
configure:3299: checking for C++ compiler default output file name
configure:3301: result: a.out
configure:3307: checking for suffix of executables
configure:3314: g++ -o conftest    conftest.cpp  >&5
configure:3318: $? = 0
configure:3340: result: 
configure:3362: checking whether we are cross compiling
configure:3370: g++ -o conftest    conftest.cpp  >&5
configure:3374: $? = 0
configure:3381: ./conftest
configure:3385: $? = 0
configure:3373: result: no
configure:3378: checking for suffix of object files
configure:3400: g++ -c   conftest.cpp >&5
configure:3404: $? = 0
configure:3425: result: o
configure:3429: checking whether we are using the GNU C++ compiler
configure:3448: g++ -c   conftest.cpp >&5
configure:3448: $? = 0
configure:3457: result: yes
configure:3466: checking whether g++ accepts -g
configure:3486: g++ -c -g  conftest.cpp >&5
configure:3486: $? = 0
configure:3527: result: yes
configure:3561: checking for style of include used by make
configure:3589: result: GNU
configure:3615: checking dependency style of g++
configure:3726: result: gcc3
configure:3790: checking for gcc
configure:3817: result: gcc
configure:4046: checking for C compiler version
configure:4055: gcc --version >&5
gcc (Ubuntu 9.3.0-17ubuntu1~20.04) 9.3.0
Copyright (C) 2019 Free Software Foundation, Inc.
This is free software; see the source for copying conditions.  There is NO
warranty; not even for MERCHANTABILITY or FITNESS FOR A PARTICULAR PURPOSE.

configure:4066: $? = 0
configure:4055: gcc -v >&5
Using built-in specs.
COLLECT_GCC=gcc
COLLECT_LTO_WRAPPER=/usr/lib/gcc/x86_64-linux-gnu/9/lto-wrapper
OFFLOAD_TARGET_NAMES=nvptx-none:hsa
OFFLOAD_TARGET_DEFAULT=1
Target: x86_64-linux-gnu
Configured with: ../src/configure -v --with-pkgversion='Ubuntu 9.3.0-17ubuntu1~20.04' --with-bugurl=file:///usr/share/doc/gcc-9/README.Bugs --enable-languages=c,ada,c++,go,brig,d,fortran,objc,obj-c++,gm2 --prefix=/usr --with-gcc-major-version-only --program-suffix=-9 --program-prefix=x86_64-linux-gnu- --enable-shared --enable-linker-build-id --libexecdir=/usr/lib --without-included-gettext --enable-threads=posix --libdir=/usr/lib --enable-nls --enable-clocale=gnu --enable-libstdcxx-debug --enable-libstdcxx-time=yes --with-default-libstdcxx-abi=new --enable-gnu-unique-object --disable-vtable-verify --enable-plugin --enable-default-pie --with-system-zlib --with-target-system-zlib=auto --enable-objc-gc=auto --enable-multiarch --disable-werror --with-arch-32=i686 --with-abi=m64 --with-multilib-list=m32,m64,mx32 --enable-multilib --with-tune=generic --enable-offload-targets=nvptx-none=/build/gcc-9-HskZEa/gcc-9-9.3.0/debian/tmp-nvptx/usr,hsa --without-cuda-driver --enable-checking=release --build=x86_64-linux-gnu --host=x86_64-linux-gnu --target=x86_64-linux-gnu
Thread model: posix
gcc version 9.3.0 (Ubuntu 9.3.0-17ubuntu1~20.04) 
configure:4066: $? = 0
configure:4055: gcc -V >&5
gcc: error: unrecognized command line option '-V'
gcc: fatal error: no input files
compilation terminated.
configure:4066: $? = 1
configure:4055: gcc -qversion >&5
gcc: error: unrecognized command line option '-qversion'; did you mean '--version'?
gcc: fatal error: no input files
compilation terminated.
configure:4066: $? = 1
configure:4070: checking whether we are using the GNU C compiler
configure:4089: gcc -c   conftest.c >&5
configure:4089: $? = 0
configure:4098: result: yes
configure:4107: checking whether gcc accepts -g
configure:4127: gcc -c -g  conftest.c >&5
configure:4127: $? = 0
configure:4168: result: yes
configure:4185: checking for gcc option to accept ISO C89
configure:4248: gcc  -c   conftest.c >&5
configure:4248: $? = 0
configure:4261: result: none needed
configure:4283: checking dependency style of gcc
configure:4394: result: gcc3
configure:4418: checking dependency style of gcc
configure:4527: result: gcc3
configure:4543: checking whether ln -s works
configure:4547: result: yes
configure:4903: checking for the pthreads library -lpthreads
configure:4941: gcc -o conftest     conftest.c -lpthreads  >&5
/usr/bin/ld: cannot find -lpthreads
collect2: error: ld returned 1 exit status
configure:4941: $? = 1
configure: failed program was:
| /* confdefs.h */
| #define PACKAGE_NAME "SystemC"
| #define PACKAGE_TARNAME "systemc"
| #define PACKAGE_VERSION "2.3.1"
| #define PACKAGE_STRING "SystemC 2.3.1"
| #define PACKAGE_BUGREPORT "http://forums.accellera.org/forum/9-systemc/"
| #define PACKAGE_URL "http://accellera.org/"
| /* end confdefs.h.  */
| #include <pthread.h>
|                         static void routine(void *a) { a = 0; }
|                         static void *start_routine(void *a) { return a; }
| int
| main ()
| {
| pthread_t th; pthread_attr_t attr;
|                         pthread_create(&th, 0, start_routine, 0);
|                         pthread_join(th, 0);
|                         pthread_attr_init(&attr);
|                         pthread_cleanup_push(routine, 0);
|                         pthread_cleanup_pop(0) /* ; */
|   ;
|   return 0;
| }
configure:4950: result: no
configure:4848: checking whether pthreads work without any flags
configure:4941: gcc -o conftest     conftest.c   >&5
/usr/bin/ld: /tmp/ccBUap8t.o: in function `main':
conftest.c:(.text+0x63): undefined reference to `pthread_create'
/usr/bin/ld: conftest.c:(.text+0x77): undefined reference to `pthread_join'
/usr/bin/ld: conftest.c:(.text+0xf2): undefined reference to `__pthread_register_cancel'
/usr/bin/ld: conftest.c:(.text+0xfe): undefined reference to `__pthread_unregister_cancel'
collect2: error: ld returned 1 exit status
configure:4941: $? = 1
configure: failed program was:
| /* confdefs.h */
| #define PACKAGE_NAME "SystemC"
| #define PACKAGE_TARNAME "systemc"
| #define PACKAGE_VERSION "2.3.1"
| #define PACKAGE_STRING "SystemC 2.3.1"
| #define PACKAGE_BUGREPORT "http://forums.accellera.org/forum/9-systemc/"
| #define PACKAGE_URL "http://accellera.org/"
| /* end confdefs.h.  */
| #include <pthread.h>
|                         static void routine(void *a) { a = 0; }
|                         static void *start_routine(void *a) { return a; }
| int
| main ()
| {
| pthread_t th; pthread_attr_t attr;
|                         pthread_create(&th, 0, start_routine, 0);
|                         pthread_join(th, 0);
|                         pthread_attr_init(&attr);
|                         pthread_cleanup_push(routine, 0);
|                         pthread_cleanup_pop(0) /* ; */
|   ;
|   return 0;
| }
configure:4950: result: no
configure:4853: checking whether pthreads work with -Kthread
configure:4941: gcc -o conftest  -Kthread   conftest.c   >&5
gcc: error: unrecognized command line option '-Kthread'; did you mean '-pthread'?
configure:4941: $? = 1
configure: failed program was:
| /* confdefs.h */
| #define PACKAGE_NAME "SystemC"
| #define PACKAGE_TARNAME "systemc"
| #define PACKAGE_VERSION "2.3.1"
| #define PACKAGE_STRING "SystemC 2.3.1"
| #define PACKAGE_BUGREPORT "http://forums.accellera.org/forum/9-systemc/"
| #define PACKAGE_URL "http://accellera.org/"
| /* end confdefs.h.  */
| #include <pthread.h>
|                         static void routine(void *a) { a = 0; }
|                         static void *start_routine(void *a) { return a; }
| int
| main ()
| {
| pthread_t th; pthread_attr_t attr;
|                         pthread_create(&th, 0, start_routine, 0);
|                         pthread_join(th, 0);
|                         pthread_attr_init(&attr);
|                         pthread_cleanup_push(routine, 0);
|                         pthread_cleanup_pop(0) /* ; */
|   ;
|   return 0;
| }
configure:4950: result: no
configure:4853: checking whether pthreads work with -kthread
configure:4941: gcc -o conftest  -kthread   conftest.c   >&5
gcc: error: unrecognized command line option '-kthread'; did you mean '-pthread'?
configure:4941: $? = 1
configure: failed program was:
| /* confdefs.h */
| #define PACKAGE_NAME "SystemC"
| #define PACKAGE_TARNAME "systemc"
| #define PACKAGE_VERSION "2.3.1"
| #define PACKAGE_STRING "SystemC 2.3.1"
| #define PACKAGE_BUGREPORT "http://forums.accellera.org/forum/9-systemc/"
| #define PACKAGE_URL "http://accellera.org/"
| /* end confdefs.h.  */
| #include <pthread.h>
|                         static void routine(void *a) { a = 0; }
|                         static void *start_routine(void *a) { return a; }
| int
| main ()
| {
| pthread_t th; pthread_attr_t attr;
|                         pthread_create(&th, 0, start_routine, 0);
|                         pthread_join(th, 0);
|                         pthread_attr_init(&attr);
|                         pthread_cleanup_push(routine, 0);
|                         pthread_cleanup_pop(0) /* ; */
|   ;
|   return 0;
| }
configure:4950: result: no
configure:4903: checking for the pthreads library -llthread
configure:4941: gcc -o conftest     conftest.c -llthread  >&5
/usr/bin/ld: cannot find -llthread
collect2: error: ld returned 1 exit status
configure:4941: $? = 1
configure: failed program was:
| /* confdefs.h */
| #define PACKAGE_NAME "SystemC"
| #define PACKAGE_TARNAME "systemc"
| #define PACKAGE_VERSION "2.3.1"
| #define PACKAGE_STRING "SystemC 2.3.1"
| #define PACKAGE_BUGREPORT "http://forums.accellera.org/forum/9-systemc/"
| #define PACKAGE_URL "http://accellera.org/"
| /* end confdefs.h.  */
| #include <pthread.h>
|                         static void routine(void *a) { a = 0; }
|                         static void *start_routine(void *a) { return a; }
| int
| main ()
| {
| pthread_t th; pthread_attr_t attr;
|                         pthread_create(&th, 0, start_routine, 0);
|                         pthread_join(th, 0);
|                         pthread_attr_init(&attr);
|                         pthread_cleanup_push(routine, 0);
|                         pthread_cleanup_pop(0) /* ; */
|   ;
|   return 0;
| }
configure:4950: result: no
configure:4853: checking whether pthreads work with -pthread
configure:4941: gcc -o conftest  -pthread   conftest.c   >&5
configure:4941: $? = 0
configure:4950: result: yes
configure:4969: checking for joinable pthread attribute
configure:4984: gcc -o conftest  -pthread   conftest.c   >&5
configure:4984: $? = 0
configure:4990: result: PTHREAD_CREATE_JOINABLE
configure:5000: checking if more special flags are required for pthreads
configure:5014: result: no
configure:5020: checking for PTHREAD_PRIO_INHERIT
configure:5038: gcc -o conftest  -pthread   conftest.c   >&5
configure:5038: $? = 0
configure:5047: result: yes
configure:5187: checking how to print strings
configure:5214: result: printf
configure:5235: checking for a sed that does not truncate output
configure:5299: result: /usr/bin/sed
configure:5317: checking for grep that handles long lines and -e
configure:5375: result: /usr/bin/grep
configure:5380: checking for egrep
configure:5442: result: /usr/bin/grep -E
configure:5447: checking for fgrep
configure:5509: result: /usr/bin/grep -F
configure:5544: checking for ld used by gcc
configure:5611: result: /usr/bin/ld
configure:5618: checking if the linker (/usr/bin/ld) is GNU ld
configure:5633: result: yes
configure:5645: checking for BSD- or MS-compatible name lister (nm)
configure:5694: result: /usr/bin/nm -B
configure:5824: checking the name lister (/usr/bin/nm -B) interface
configure:5831: g++ -c -Wall -m64   conftest.cpp >&5
configure:5834: /usr/bin/nm -B "conftest.o"
configure:5837: output
0000000000000000 B some_variable
configure:5838: result: BSD nm
configure:5842: checking the maximum length of command line arguments
configure:5972: result: 1572864
configure:5989: checking whether the shell understands some XSI constructs
configure:5998: result: yes
configure:6002: checking whether the shell understands "+="
configure:6006: result: yes
configure:6041: checking how to convert x86_64-unknown-linux-gnu file names to x86_64-unknown-linux-gnu format
configure:6081: result: func_convert_file_noop
configure:6088: checking how to convert x86_64-unknown-linux-gnu file names to toolchain format
configure:6108: result: func_convert_file_noop
configure:6115: checking for /usr/bin/ld option to reload object files
configure:6122: result: -r
configure:6196: checking for objdump
configure:6212: found /usr/bin/objdump
configure:6223: result: objdump
configure:6255: checking how to recognize dependent libraries
configure:6453: result: pass_all
configure:6538: checking for dlltool
configure:6568: result: no
configure:6598: checking how to associate runtime and link libraries
configure:6625: result: printf %s\n
configure:6686: checking for ar
configure:6702: found /usr/bin/ar
configure:6713: result: ar
configure:6750: checking for archiver @FILE support
configure:6767: g++ -c -Wall -m64   conftest.cpp >&5
configure:6767: $? = 0
configure:6770: ar cru libconftest.a @conftest.lst >&5
ar: `u' modifier ignored since `D' is the default (see `U')
configure:6773: $? = 0
configure:6778: ar cru libconftest.a @conftest.lst >&5
ar: `u' modifier ignored since `D' is the default (see `U')
ar: conftest.o: No such file or directory
configure:6781: $? = 1
configure:6780: result: @
configure:6838: checking for strip
configure:6854: found /usr/bin/strip
configure:6865: result: strip
configure:6937: checking for ranlib
configure:6953: found /usr/bin/ranlib
configure:6964: result: ranlib
configure:7066: checking command to parse /usr/bin/nm -B output from gcc object
configure:7186: g++ -c -Wall -m64   conftest.cpp >&5
configure:7189: $? = 0
configure:7193: /usr/bin/nm -B conftest.o \| sed -n -e 's/^.*[ ]\([ABCDGIRSTW][ABCDGIRSTW]*\)[ ][ ]*\([_A-Za-z][_A-Za-z0-9]*\)$/\1 \2 \2/p' | sed '/ __gnu_lto/d' \> conftest.nm
configure:7196: $? = 0
configure:7262: g++ -o conftest -Wall -m64    conftest.cpp conftstm.o >&5
configure:7265: $? = 0
configure:7303: result: ok
configure:7340: checking for sysroot
configure:7370: result: no
configure:7447: g++ -c -Wall -m64   conftest.cpp >&5
configure:7450: $? = 0
configure:7626: checking for mt
configure:7642: found /usr/bin/mt
configure:7653: result: mt
configure:7676: checking if mt is a manifest tool
configure:7682: mt '-?'
configure:7690: result: no
configure:8332: checking how to run the C preprocessor
configure:8363: gcc -E  conftest.c
configure:8363: $? = 0
configure:8377: gcc -E  conftest.c
conftest.c:11:10: fatal error: ac_nonexistent.h: No such file or directory
   11 | #include <ac_nonexistent.h>
      |          ^~~~~~~~~~~~~~~~~~
compilation terminated.
configure:8377: $? = 1
configure: failed program was:
| /* confdefs.h */
| #define PACKAGE_NAME "SystemC"
| #define PACKAGE_TARNAME "systemc"
| #define PACKAGE_VERSION "2.3.1"
| #define PACKAGE_STRING "SystemC 2.3.1"
| #define PACKAGE_BUGREPORT "http://forums.accellera.org/forum/9-systemc/"
| #define PACKAGE_URL "http://accellera.org/"
| #define HAVE_PTHREAD_PRIO_INHERIT 1
| #define HAVE_PTHREAD 1
| /* end confdefs.h.  */
| #include <ac_nonexistent.h>
configure:8402: result: gcc -E
configure:8422: gcc -E  conftest.c
configure:8422: $? = 0
configure:8436: gcc -E  conftest.c
conftest.c:11:10: fatal error: ac_nonexistent.h: No such file or directory
   11 | #include <ac_nonexistent.h>
      |          ^~~~~~~~~~~~~~~~~~
compilation terminated.
configure:8436: $? = 1
configure: failed program was:
| /* confdefs.h */
| #define PACKAGE_NAME "SystemC"
| #define PACKAGE_TARNAME "systemc"
| #define PACKAGE_VERSION "2.3.1"
| #define PACKAGE_STRING "SystemC 2.3.1"
| #define PACKAGE_BUGREPORT "http://forums.accellera.org/forum/9-systemc/"
| #define PACKAGE_URL "http://accellera.org/"
| #define HAVE_PTHREAD_PRIO_INHERIT 1
| #define HAVE_PTHREAD 1
| /* end confdefs.h.  */
| #include <ac_nonexistent.h>
configure:8465: checking for ANSI C header files
configure:8485: gcc -c   conftest.c >&5
configure:8485: $? = 0
configure:8558: gcc -o conftest    conftest.c  >&5
configure:8558: $? = 0
configure:8558: ./conftest
configure:8558: $? = 0
configure:8569: result: yes
configure:8582: checking for sys/types.h
configure:8582: gcc -c   conftest.c >&5
configure:8582: $? = 0
configure:8582: result: yes
configure:8582: checking for sys/stat.h
configure:8582: gcc -c   conftest.c >&5
configure:8582: $? = 0
configure:8582: result: yes
configure:8582: checking for stdlib.h
configure:8582: gcc -c   conftest.c >&5
configure:8582: $? = 0
configure:8582: result: yes
configure:8582: checking for string.h
configure:8582: gcc -c   conftest.c >&5
configure:8582: $? = 0
configure:8582: result: yes
configure:8582: checking for memory.h
configure:8582: gcc -c   conftest.c >&5
configure:8582: $? = 0
configure:8582: result: yes
configure:8582: checking for strings.h
configure:8582: gcc -c   conftest.c >&5
configure:8582: $? = 0
configure:8582: result: yes
configure:8582: checking for inttypes.h
configure:8582: gcc -c   conftest.c >&5
configure:8582: $? = 0
configure:8582: result: yes
configure:8582: checking for stdint.h
configure:8582: gcc -c   conftest.c >&5
configure:8582: $? = 0
configure:8582: result: yes
configure:8582: checking for unistd.h
configure:8582: gcc -c   conftest.c >&5
configure:8582: $? = 0
configure:8582: result: yes
configure:8596: checking for dlfcn.h
configure:8596: gcc -c   conftest.c >&5
configure:8596: $? = 0
configure:8596: result: yes
configure:8812: checking for objdir
configure:8827: result: .libs
configure:9098: checking if gcc supports -fno-rtti -fno-exceptions
configure:9116: gcc -c   -fno-rtti -fno-exceptions conftest.c >&5
cc1: warning: command line option '-fno-rtti' is valid for C++/D/ObjC++ but not for C
configure:9120: $? = 0
configure:9133: result: no
configure:9460: checking for gcc option to produce PIC
configure:9467: result: -fPIC -DPIC
configure:9475: checking if gcc PIC flag -fPIC -DPIC works
configure:9493: gcc -c   -fPIC -DPIC -DPIC conftest.c >&5
configure:9497: $? = 0
configure:9510: result: yes
configure:9539: checking if gcc static flag -static works
configure:9567: result: yes
configure:9582: checking if gcc supports -c -o file.o
configure:9603: gcc -c   -o out/conftest2.o conftest.c >&5
configure:9607: $? = 0
configure:9629: result: yes
configure:9637: checking if gcc supports -c -o file.o
configure:9684: result: yes
configure:9717: checking whether the gcc linker (/usr/bin/ld -m elf_x86_64) supports shared libraries
configure:10874: result: yes
configure:10911: checking whether -lc should be explicitly linked in
configure:10919: gcc -c   conftest.c >&5
configure:10922: $? = 0
configure:10937: gcc -shared  -fPIC -DPIC conftest.o  -v -Wl,-soname -Wl,conftest -o conftest 2\>\&1 \| /usr/bin/grep  -lc  \>/dev/null 2\>\&1
configure:10940: $? = 0
configure:10954: result: no
configure:11114: checking dynamic linker characteristics
configure:11614: gcc -o conftest    -Wl,-rpath -Wl,/foo conftest.c  >&5
configure:11614: $? = 0
configure:11848: result: GNU/Linux ld.so
configure:11955: checking how to hardcode library paths into programs
configure:11980: result: immediate
configure:12520: checking whether stripping libraries is possible
configure:12525: result: yes
configure:12560: checking if libtool supports shared libraries
configure:12562: result: yes
configure:12565: checking whether to build shared libraries
configure:12586: result: yes
configure:12589: checking whether to build static libraries
configure:12593: result: yes
configure:9621: checking how to run the C++ preprocessor
configure:9648: g++ -E  conftest.cpp
configure:9648: $? = 0
configure:9662: g++ -E  conftest.cpp
conftest.cpp:23:10: fatal error: ac_nonexistent.h: No such file or directory
   23 | #include <ac_nonexistent.h>
      |          ^~~~~~~~~~~~~~~~~~
compilation terminated.
configure:9662: $? = 1
configure: failed program was:
| /* confdefs.h */
| #define PACKAGE_NAME "SystemC"
| #define PACKAGE_TARNAME "systemc"
| #define PACKAGE_VERSION "2.3.1"
| #define PACKAGE_STRING "SystemC 2.3.1"
| #define PACKAGE_BUGREPORT "http://forums.accellera.org/forum/9-systemc/"
| #define PACKAGE_URL "http://accellera.org/"
| #define HAVE_PTHREAD_PRIO_INHERIT 1
| #define HAVE_PTHREAD 1
| #define STDC_HEADERS 1
| #define HAVE_SYS_TYPES_H 1
| #define HAVE_SYS_STAT_H 1
| #define HAVE_STDLIB_H 1
| #define HAVE_STRING_H 1
| #define HAVE_MEMORY_H 1
| #define HAVE_STRINGS_H 1
| #define HAVE_INTTYPES_H 1
| #define HAVE_STDINT_H 1
| #define HAVE_UNISTD_H 1
| #define HAVE_DLFCN_H 1
| #define LT_OBJDIR ".libs/"
| /* end confdefs.h.  */
| #include <ac_nonexistent.h>
configure:9687: result: g++ -E
configure:9707: g++ -E  conftest.cpp
configure:9707: $? = 0
configure:9721: g++ -E  conftest.cpp
conftest.cpp:23:10: fatal error: ac_nonexistent.h: No such file or directory
   23 | #include <ac_nonexistent.h>
      |          ^~~~~~~~~~~~~~~~~~
compilation terminated.
configure:9721: $? = 1
configure: failed program was:
| /* confdefs.h */
| #define PACKAGE_NAME "SystemC"
| #define PACKAGE_TARNAME "systemc"
| #define PACKAGE_VERSION "2.3.1"
| #define PACKAGE_STRING "SystemC 2.3.1"
| #define PACKAGE_BUGREPORT "http://forums.accellera.org/forum/9-systemc/"
| #define PACKAGE_URL "http://accellera.org/"
| #define HAVE_PTHREAD_PRIO_INHERIT 1
| #define HAVE_PTHREAD 1
| #define STDC_HEADERS 1
| #define HAVE_SYS_TYPES_H 1
| #define HAVE_SYS_STAT_H 1
| #define HAVE_STDLIB_H 1
| #define HAVE_STRING_H 1
| #define HAVE_MEMORY_H 1
| #define HAVE_STRINGS_H 1
| #define HAVE_INTTYPES_H 1
| #define HAVE_STDINT_H 1
| #define HAVE_UNISTD_H 1
| #define HAVE_DLFCN_H 1
| #define LT_OBJDIR ".libs/"
| /* end confdefs.h.  */
| #include <ac_nonexistent.h>
configure:9890: checking for ld used by g++
configure:9957: result: /usr/bin/ld -m elf_x86_64
configure:9964: checking if the linker (/usr/bin/ld -m elf_x86_64) is GNU ld
configure:9979: result: yes
configure:10034: checking whether the g++ linker (/usr/bin/ld -m elf_x86_64) supports shared libraries
configure:11036: result: yes
configure:11072: g++ -c -Wall -m64   conftest.cpp >&5
configure:11075: $? = 0
configure:11595: checking for g++ option to produce PIC
configure:11602: result: -fPIC -DPIC
configure:11610: checking if g++ PIC flag -fPIC -DPIC works
configure:11628: g++ -c -Wall -m64   -fPIC -DPIC -DPIC conftest.cpp >&5
configure:11632: $? = 0
configure:11645: result: yes
configure:11668: checking if g++ static flag -static works
configure:11696: result: yes
configure:11708: checking if g++ supports -c -o file.o
configure:11729: g++ -c -Wall -m64   -o out/conftest2.o conftest.cpp >&5
configure:11733: $? = 0
configure:11755: result: yes
configure:11760: checking if g++ supports -c -o file.o
configure:11807: result: yes
configure:11837: checking whether the g++ linker (/usr/bin/ld -m elf_x86_64) supports shared libraries
configure:11876: result: yes
configure:12017: checking dynamic linker characteristics
configure:12685: result: GNU/Linux ld.so
configure:12738: checking how to hardcode library paths into programs
configure:12763: result: immediate
configure:11763: checking for SystemC install layout
configure:11787: result: ignored
configure:11843: checking for SystemC library arch suffix
configure:11862: result: default (TARGET_ARCH=linux64)
configure:11865: checking whether to add debug symbols to the SystemC library
configure:11885: result: no
configure:11888: checking whether to enable compiler optimization
configure:11908: result: yes
configure:11911: checking whether to add support for asynchronous update requests
configure:11952: result: yes
configure:11955: checking whether to use POSIX threads for SystemC processes
configure:12008: result: no
configure:12011: checking whether to enable simulation phase callbacks (experimental)
configure:12041: result: no
configure:12108: checking for SC_DISABLE_VIRTUAL_BIND defined
configure:12130: g++ -c   conftest.cpp >&5
conftest.cpp: In function 'int main()':
conftest.cpp:31:3: error: 'choke' was not declared in this scope
   31 |   choke me
      |   ^~~~~
configure:12130: $? = 1
configure: failed program was:
| /* confdefs.h */
| #define PACKAGE_NAME "SystemC"
| #define PACKAGE_TARNAME "systemc"
| #define PACKAGE_VERSION "2.3.1"
| #define PACKAGE_STRING "SystemC 2.3.1"
| #define PACKAGE_BUGREPORT "http://forums.accellera.org/forum/9-systemc/"
| #define PACKAGE_URL "http://accellera.org/"
| #define HAVE_PTHREAD_PRIO_INHERIT 1
| #define HAVE_PTHREAD 1
| #define STDC_HEADERS 1
| #define HAVE_SYS_TYPES_H 1
| #define HAVE_SYS_STAT_H 1
| #define HAVE_STDLIB_H 1
| #define HAVE_STRING_H 1
| #define HAVE_MEMORY_H 1
| #define HAVE_STRINGS_H 1
| #define HAVE_INTTYPES_H 1
| #define HAVE_STDINT_H 1
| #define HAVE_UNISTD_H 1
| #define HAVE_DLFCN_H 1
| #define LT_OBJDIR ".libs/"
| /* end confdefs.h.  */
| 
| int
| main ()
| {
| 
|   #ifdef SC_DISABLE_VIRTUAL_BIND
|   int ok;
|   #else
|   choke me
|   #endif
| 
|   ;
|   return 0;
| }
configure:12137: result: no
configure:12145: checking for SC_ENABLE_IMMEDIATE_SELF_NOTIFICATION defined
configure:12167: g++ -c   conftest.cpp >&5
conftest.cpp: In function 'int main()':
conftest.cpp:31:3: error: 'choke' was not declared in this scope
   31 |   choke me
      |   ^~~~~
configure:12167: $? = 1
configure: failed program was:
| /* confdefs.h */
| #define PACKAGE_NAME "SystemC"
| #define PACKAGE_TARNAME "systemc"
| #define PACKAGE_VERSION "2.3.1"
| #define PACKAGE_STRING "SystemC 2.3.1"
| #define PACKAGE_BUGREPORT "http://forums.accellera.org/forum/9-systemc/"
| #define PACKAGE_URL "http://accellera.org/"
| #define HAVE_PTHREAD_PRIO_INHERIT 1
| #define HAVE_PTHREAD 1
| #define STDC_HEADERS 1
| #define HAVE_SYS_TYPES_H 1
| #define HAVE_SYS_STAT_H 1
| #define HAVE_STDLIB_H 1
| #define HAVE_STRING_H 1
| #define HAVE_MEMORY_H 1
| #define HAVE_STRINGS_H 1
| #define HAVE_INTTYPES_H 1
| #define HAVE_STDINT_H 1
| #define HAVE_UNISTD_H 1
| #define HAVE_DLFCN_H 1
| #define LT_OBJDIR ".libs/"
| /* end confdefs.h.  */
| 
| int
| main ()
| {
| 
|   #ifdef SC_ENABLE_IMMEDIATE_SELF_NOTIFICATION
|   int ok;
|   #else
|   choke me
|   #endif
| 
|   ;
|   return 0;
| }
configure:12174: result: no
configure:12181: checking for SC_ENABLE_EARLY_MAXTIME_CREATION defined
configure:12203: g++ -c   conftest.cpp >&5
conftest.cpp: In function 'int main()':
conftest.cpp:31:3: error: 'choke' was not declared in this scope
   31 |   choke me
      |   ^~~~~
configure:12203: $? = 1
configure: failed program was:
| /* confdefs.h */
| #define PACKAGE_NAME "SystemC"
| #define PACKAGE_TARNAME "systemc"
| #define PACKAGE_VERSION "2.3.1"
| #define PACKAGE_STRING "SystemC 2.3.1"
| #define PACKAGE_BUGREPORT "http://forums.accellera.org/forum/9-systemc/"
| #define PACKAGE_URL "http://accellera.org/"
| #define HAVE_PTHREAD_PRIO_INHERIT 1
| #define HAVE_PTHREAD 1
| #define STDC_HEADERS 1
| #define HAVE_SYS_TYPES_H 1
| #define HAVE_SYS_STAT_H 1
| #define HAVE_STDLIB_H 1
| #define HAVE_STRING_H 1
| #define HAVE_MEMORY_H 1
| #define HAVE_STRINGS_H 1
| #define HAVE_INTTYPES_H 1
| #define HAVE_STDINT_H 1
| #define HAVE_UNISTD_H 1
| #define HAVE_DLFCN_H 1
| #define LT_OBJDIR ".libs/"
| /* end confdefs.h.  */
| 
| int
| main ()
| {
| 
|   #ifdef SC_ENABLE_EARLY_MAXTIME_CREATION
|   int ok;
|   #else
|   choke me
|   #endif
| 
|   ;
|   return 0;
| }
configure:12210: result: no
configure:12464: creating ./config.status

## ---------------------- ##
## Running config.status. ##
## ---------------------- ##

This file was extended by SystemC config.status 2.3.1, which was
generated by GNU Autoconf 2.69.  Invocation command line was

  CONFIG_FILES    = 
  CONFIG_HEADERS  = 
  CONFIG_LINKS    = 
  CONFIG_COMMANDS = 
  $ ./config.status 

on student-ThinkCentre-M910t

config.status:1146: creating Makefile
config.status:1146: creating src/Makefile
config.status:1146: creating src/sysc/Makefile
config.status:1146: creating src/sysc/systemc.pc
config.status:1146: creating src/sysc/communication/Makefile
config.status:1146: creating src/sysc/datatypes/Makefile
config.status:1146: creating src/sysc/kernel/Makefile
config.status:1146: creating src/sysc/tracing/Makefile
config.status:1146: creating src/sysc/qt/Makefile
config.status:1146: creating src/sysc/utils/Makefile
config.status:1146: creating src/sysc/packages/boost/Makefile
config.status:1146: creating src/tlm_core/Makefile
config.status:1146: creating src/tlm_core/tlm.pc
config.status:1146: creating src/tlm_utils/Makefile
config.status:1146: creating examples/Makefile
config.status:1146: creating examples/sysc/Makefile
config.status:1146: creating examples/tlm/Makefile
config.status:1146: creating examples/tlm/common/Makefile
config.status:1146: creating docs/Makefile
config.status:1146: creating docs/sysc/doxygen/Doxyfile
config.status:1146: creating docs/tlm/doxygen/Doxyfile
config.status:1303: executing depfiles commands
config.status:1303: executing libtool commands
---------------------------------------------------------------------
Configuration summary of SystemC 2.3.1 for x86_64-unknown-linux-gnu
---------------------------------------------------------------------

 Directory setup (based on classic layout):
   Installation prefix (aka SYSTEMC_HOME):
      /home/student/noxim/bin/libs/systemc-2.3.1
   Header files  : <SYSTEMC_HOME>/include
   Libraries     : <SYSTEMC_HOME>/lib-linux64
   Documentation : <SYSTEMC_HOME>/docs
   Examples      : <SYSTEMC_HOME>/examples

 Architecture    : linux64
 Compiler (flags): g++
     

 Build settings:
   Enable compiler optimizations  : yes
   Include debugging symbols      : no
   Coroutine package for processes: QuickThreads
   Disable async_request_update   : no
   Phase callbacks (experimental) : no
   Additional settings            :
      
---------------------------------------------------------------------

## ---------------- ##
## Cache variables. ##
## ---------------- ##

ac_cv_build=x86_64-unknown-linux-gnu
ac_cv_c_compiler_gnu=yes
ac_cv_cxx_compiler_gnu=yes
ac_cv_defined_SC_DISABLE_VIRTUAL_BIND=no
ac_cv_defined_SC_ENABLE_EARLY_MAXTIME_CREATION=no
ac_cv_defined_SC_ENABLE_IMMEDIATE_SELF_NOTIFICATION=no
ac_cv_env_CCASFLAGS_set=
ac_cv_env_CCASFLAGS_value=
ac_cv_env_CCAS_set=
ac_cv_env_CCAS_value=
ac_cv_env_CCC_set=
ac_cv_env_CCC_value=
ac_cv_env_CC_set=set
ac_cv_env_CC_value=gcc
ac_cv_env_CFLAGS_set=
ac_cv_env_CFLAGS_value=
ac_cv_env_CPPFLAGS_set=
ac_cv_env_CPPFLAGS_value=
ac_cv_env_CPP_set=
ac_cv_env_CPP_value=
ac_cv_env_CXXCPP_set=
ac_cv_env_CXXCPP_value=
ac_cv_env_CXXFLAGS_set=
ac_cv_env_CXXFLAGS_value=
ac_cv_env_CXX_set=set
ac_cv_env_CXX_value=g++
ac_cv_env_LDFLAGS_set=
ac_cv_env_LDFLAGS_value=
ac_cv_env_LIBS_set=
ac_cv_env_LIBS_value=
ac_cv_env_build_alias_set=
ac_cv_env_build_alias_value=
ac_cv_env_host_alias_set=
ac_cv_env_host_alias_value=
ac_cv_env_target_alias_set=
ac_cv_env_target_alias_value=
ac_cv_header_dlfcn_h=yes
ac_cv_header_inttypes_h=yes
ac_cv_header_memory_h=yes
ac_cv_header_stdc=yes
ac_cv_header_stdint_h=yes
ac_cv_header_stdlib_h=yes
ac_cv_header_string_h=yes
ac_cv_header_strings_h=yes
ac_cv_header_sys_stat_h=yes
ac_cv_header_sys_types_h=yes
ac_cv_header_unistd_h=yes
ac_cv_host=x86_64-unknown-linux-gnu
ac_cv_objext=o
ac_cv_path_EGREP='/usr/bin/grep -E'
ac_cv_path_FGREP='/usr/bin/grep -F'
ac_cv_path_GREP=/usr/bin/grep
ac_cv_path_SED=/usr/bin/sed
ac_cv_path_install='/usr/bin/install -c'
ac_cv_path_mkdir=/usr/bin/mkdir
ac_cv_prog_AWK=mawk
ac_cv_prog_CPP='gcc -E'
ac_cv_prog_CXXCPP='g++ -E'
ac_cv_prog_ac_ct_AR=ar
ac_cv_prog_ac_ct_CC=gcc
ac_cv_prog_ac_ct_MANIFEST_TOOL=mt
ac_cv_prog_ac_ct_OBJDUMP=objdump
ac_cv_prog_ac_ct_RANLIB=ranlib
ac_cv_prog_ac_ct_STRIP=strip
ac_cv_prog_cc_c89=
ac_cv_prog_cc_g=yes
ac_cv_prog_cxx_g=yes
ac_cv_prog_make_make_set=yes
ac_cv_target=x86_64-unknown-linux-gnu
am_cv_CCAS_dependencies_compiler_type=gcc3
am_cv_CC_dependencies_compiler_type=gcc3
am_cv_CXX_dependencies_compiler_type=gcc3
am_cv_make_support_nested_variables=yes
am_cv_prog_tar_pax=gnutar
ax_cv_PTHREAD_PRIO_INHERIT=yes
lt_cv_ar_at_file=@
lt_cv_archive_cmds_need_lc=no
lt_cv_deplibs_check_method=pass_all
lt_cv_file_magic_cmd='$MAGIC_CMD'
lt_cv_file_magic_test_file=
lt_cv_ld_reload_flag=-r
lt_cv_nm_interface='BSD nm'
lt_cv_objdir=.libs
lt_cv_path_LD=/usr/bin/ld
lt_cv_path_LDCXX='/usr/bin/ld -m elf_x86_64'
lt_cv_path_NM='/usr/bin/nm -B'
lt_cv_path_mainfest_tool=no
lt_cv_prog_compiler_c_o=yes
lt_cv_prog_compiler_c_o_CXX=yes
lt_cv_prog_compiler_pic='-fPIC -DPIC'
lt_cv_prog_compiler_pic_CXX='-fPIC -DPIC'
lt_cv_prog_compiler_pic_works=yes
lt_cv_prog_compiler_pic_works_CXX=yes
lt_cv_prog_compiler_rtti_exceptions=no
lt_cv_prog_compiler_static_works=yes
lt_cv_prog_compiler_static_works_CXX=yes
lt_cv_prog_gnu_ld=yes
lt_cv_prog_gnu_ldcxx=yes
lt_cv_sharedlib_from_linklib_cmd='printf %s\n'
lt_cv_shlibpath_overrides_runpath=yes
lt_cv_sys_global_symbol_pipe='sed -n -e '\''s/^.*[	 ]\([ABCDGIRSTW][ABCDGIRSTW]*\)[	 ][	 ]*\([_A-Za-z][_A-Za-z0-9]*\)$/\1 \2 \2/p'\'' | sed '\''/ __gnu_lto/d'\'''
lt_cv_sys_global_symbol_to_c_name_address='sed -n -e '\''s/^: \([^ ]*\)[ ]*$/  {\"\1\", (void *) 0},/p'\'' -e '\''s/^[ABCDGIRSTW]* \([^ ]*\) \([^ ]*\)$/  {"\2", (void *) \&\2},/p'\'''
lt_cv_sys_global_symbol_to_c_name_address_lib_prefix='sed -n -e '\''s/^: \([^ ]*\)[ ]*$/  {\"\1\", (void *) 0},/p'\'' -e '\''s/^[ABCDGIRSTW]* \([^ ]*\) \(lib[^ ]*\)$/  {"\2", (void *) \&\2},/p'\'' -e '\''s/^[ABCDGIRSTW]* \([^ ]*\) \([^ ]*\)$/  {"lib\2", (void *) \&\2},/p'\'''
lt_cv_sys_global_symbol_to_cdecl='sed -n -e '\''s/^T .* \(.*\)$/extern int \1();/p'\'' -e '\''s/^[ABCDGIRSTW]* .* \(.*\)$/extern char \1;/p'\'''
lt_cv_sys_max_cmd_len=1572864
lt_cv_to_host_file_cmd=func_convert_file_noop
lt_cv_to_tool_file_cmd=func_convert_file_noop

## ----------------- ##
## Output variables. ##
## ----------------- ##

ACLOCAL='${SHELL} /home/student/noxim/bin/libs/systemc-2.3.1/config/missing --run aclocal-1.11'
AMDEPBACKSLASH='\'
AMDEP_FALSE='#'
AMDEP_TRUE=''
AMTAR='$${TAR-tar}'
AM_BACKSLASH='\'
AM_DEFAULT_V='$(AM_DEFAULT_VERBOSITY)'
AM_DEFAULT_VERBOSITY='0'
AM_V='$(V)'
AR='ar'
AUTOCONF='${SHELL} /home/student/noxim/bin/libs/systemc-2.3.1/config/missing --run autoconf'
AUTOHEADER='${SHELL} /home/student/noxim/bin/libs/systemc-2.3.1/config/missing --run autoheader'
AUTOMAKE='${SHELL} /home/student/noxim/bin/libs/systemc-2.3.1/config/missing --run automake-1.11'
AWK='mawk'
CC='gcc'
CCAS='gcc'
CCASDEPMODE='depmode=gcc3'
CCASFLAGS=''
CCDEPMODE='depmode=gcc3'
CFLAGS=''
CPP='gcc -E'
CPPFLAGS=''
CXX='g++'
CXXCPP='g++ -E'
CXXDEPMODE='depmode=gcc3'
CXXFLAGS=''
CYGPATH_W='echo'
DEBUG_CXXFLAGS='-g'
DEFS='-DPACKAGE_NAME=\"SystemC\" -DPACKAGE_TARNAME=\"systemc\" -DPACKAGE_VERSION=\"2.3.1\" -DPACKAGE_STRING=\"SystemC\ 2.3.1\" -DPACKAGE_BUGREPORT=\"http://forums.accellera.org/forum/9-systemc/\" -DPACKAGE_URL=\"http://accellera.org/\" -DHAVE_PTHREAD_PRIO_INHERIT=1 -DHAVE_PTHREAD=1 -DSTDC_HEADERS=1 -DHAVE_SYS_TYPES_H=1 -DHAVE_SYS_STAT_H=1 -DHAVE_STDLIB_H=1 -DHAVE_STRING_H=1 -DHAVE_MEMORY_H=1 -DHAVE_STRINGS_H=1 -DHAVE_INTTYPES_H=1 -DHAVE_STDINT_H=1 -DHAVE_UNISTD_H=1 -DHAVE_DLFCN_H=1 -DLT_OBJDIR=\".libs/\"'
DEPDIR='.deps'
DISABLE_ASYNC_UPDATES_FALSE=''
DISABLE_ASYNC_UPDATES_TRUE='#'
DLLTOOL='false'
DSYMUTIL=''
DUMPBIN=''
ECHO_C=''
ECHO_N='-n'
ECHO_T=''
EGREP='/usr/bin/grep -E'
ENABLE_CALLBACKS_FALSE=''
ENABLE_CALLBACKS_TRACING_FALSE=''
ENABLE_CALLBACKS_TRACING_TRUE='#'
ENABLE_CALLBACKS_TRUE='#'
EXEEXT=''
EXPLICIT_LPTHREAD='-lpthread'
EXTRA_ASFLAGS='-m64'
EXTRA_CFLAGS='-xc'
EXTRA_CXXFLAGS='-Wall -m64'
FGREP='/usr/bin/grep -F'
GREP='/usr/bin/grep'
INSTALL_DATA='${INSTALL} -m 644'
INSTALL_PROGRAM='${INSTALL}'
INSTALL_SCRIPT='${INSTALL}'
INSTALL_STRIP_PROGRAM='$(install_sh) -c -s'
LD='/usr/bin/ld -m elf_x86_64'
LDFLAGS=''
LDFLAG_RPATH='-Wl,-rpath='
LIBCONFIG_DEFINES=''
LIBOBJS=''
LIBS=''
LIBTOOL='$(SHELL) $(top_builddir)/libtool'
LIB_ARCH_SUFFIX='-${TARGET_ARCH}'
LIPO=''
LN_S='ln -s'
LTLIBOBJS=''
MAKEINFO='${SHELL} /home/student/noxim/bin/libs/systemc-2.3.1/config/missing --run makeinfo'
MANIFEST_TOOL=':'
MKDIR_P='/usr/bin/mkdir -p'
NM='/usr/bin/nm -B'
NMEDIT=''
OBJDUMP='objdump'
OBJEXT='o'
OPT_CXXFLAGS='-O3'
OTOOL64=''
OTOOL=''
PACKAGE='systemc'
PACKAGE_BUGREPORT='http://forums.accellera.org/forum/9-systemc/'
PACKAGE_NAME='SystemC'
PACKAGE_STRING='SystemC 2.3.1'
PACKAGE_TARNAME='systemc'
PACKAGE_URL='http://accellera.org/'
PACKAGE_VERSION='2.3.1'
PATH_SEPARATOR=':'
PKGCONFIG_CFLAGS='-pthread'
PKGCONFIG_DEFINES=''
PKGCONFIG_LDPRIV=' -lpthread'
PTHREAD_CC='gcc'
PTHREAD_CFLAGS='-pthread'
PTHREAD_LIBS=''
QT_ARCH='x86_64'
QT_ARCH_HPPA_FALSE=''
QT_ARCH_HPPA_TRUE='#'
QT_ARCH_POWERPC_MACOSX_FALSE=''
QT_ARCH_POWERPC_MACOSX_TRUE='#'
QT_ARCH_PTHREADS_FALSE=''
QT_ARCH_PTHREADS_TRUE='#'
QT_ARCH_SPARC_FALSE=''
QT_ARCH_SPARC_TRUE='#'
QT_ARCH_X86_64_FALSE='#'
QT_ARCH_X86_64_TRUE=''
QT_ARCH_X86_FALSE=''
QT_ARCH_X86_TRUE='#'
RANLIB='ranlib'
SED='/usr/bin/sed'
SEPARATE_BUILD_TREE_FALSE='#'
SEPARATE_BUILD_TREE_TRUE=''
SEPARATE_INSTALL_TREE_FALSE=''
SEPARATE_INSTALL_TREE_TRUE='#'
SET_MAKE=''
SHELL='/bin/bash'
STRIP='strip'
TARGET_ARCH='linux64'
TLM_PACKAGE_VERSION='2.0.3'
USES_PTHREADS_LIB_FALSE='#'
USES_PTHREADS_LIB_TRUE=''
VERSION='2.3.1'
WANT_DEBUG_FALSE=''
WANT_DEBUG_TRUE='#'
WANT_OPTIMIZE_FALSE='#'
WANT_OPTIMIZE_TRUE=''
WANT_PTHREADS_THREADS_FALSE=''
WANT_PTHREADS_THREADS_TRUE='#'
WANT_QT_THREADS_FALSE='#'
WANT_QT_THREADS_TRUE=''
ac_ct_AR='ar'
ac_ct_CC='gcc'
ac_ct_CXX=''
ac_ct_DUMPBIN=''
am__EXEEXT_FALSE=''
am__EXEEXT_TRUE='#'
am__fastdepCCAS_FALSE='#'
am__fastdepCCAS_TRUE=''
am__fastdepCC_FALSE='#'
am__fastdepCC_TRUE=''
am__fastdepCXX_FALSE='#'
am__fastdepCXX_TRUE=''
am__include='include'
am__isrc=' -I$(srcdir)'
am__leading_dot='.'
am__nodep='_no'
am__quote=''
am__tar='tar --format=posix -chf - "$$tardir"'
am__untar='tar -xf -'
ax_pthread_config=''
bindir='${exec_prefix}/bin'
build='x86_64-unknown-linux-gnu'
build_alias=''
build_cpu='x86_64'
build_os='linux-gnu'
build_vendor='unknown'
datadir='${prefix}'
datarootdir='${prefix}'
docdir='${prefix}/docs'
dvidir='${docdir}'
examplesdir='${rootdocdir}/examples'
exec_prefix='${prefix}'
host='x86_64-unknown-linux-gnu'
host_alias=''
host_cpu='x86_64'
host_os='linux-gnu'
host_vendor='unknown'
htmldir='${docdir}'
includedir='${prefix}/include'
infodir='${datarootdir}/info'
install_sh='${SHELL} /home/student/noxim/bin/libs/systemc-2.3.1/config/install-sh'
libarchdir='${libdir}${LIB_ARCH_SUFFIX}'
libdir='${exec_prefix}/lib'
libexecdir='${exec_prefix}/libexec'
localedir='${datarootdir}/locale'
localstatedir='${prefix}/var'
mandir='${datarootdir}/man'
mkdir_p='/usr/bin/mkdir -p'
oldincludedir='/usr/include'
pdfdir='${docdir}'
prefix='/home/student/noxim/bin/libs/systemc-2.3.1'
program_transform_name='s,x,x,'
psdir='${docdir}'
rootdocdir='${prefix}'
sbindir='${exec_prefix}/sbin'
sharedstatedir='${prefix}/com'
sysconfdir='${prefix}/etc'
target='x86_64-unknown-linux-gnu'
target_alias=''
target_cpu='x86_64'
target_os='linux-gnu'
target_vendor='unknown'

## ----------- ##
## confdefs.h. ##
## ----------- ##

/* confdefs.h */
#define PACKAGE_NAME "SystemC"
#define PACKAGE_TARNAME "systemc"
#define PACKAGE_VERSION "2.3.1"
#define PACKAGE_STRING "SystemC 2.3.1"
#define PACKAGE_BUGREPORT "http://forums.accellera.org/forum/9-systemc/"
#define PACKAGE_URL "http://accellera.org/"
#define HAVE_PTHREAD_PRIO_INHERIT 1
#define HAVE_PTHREAD 1
#define STDC_HEADERS 1
#define HAVE_SYS_TYPES_H 1
#define HAVE_SYS_STAT_H 1
#define HAVE_STDLIB_H 1
#define HAVE_STRING_H 1
#define HAVE_MEMORY_H 1
#define HAVE_STRINGS_H 1
#define HAVE_INTTYPES_H 1
#define HAVE_STDINT_H 1
#define HAVE_UNISTD_H 1
#define HAVE_DLFCN_H 1
#define LT_OBJDIR ".libs/"

configure: exit 0
